-------------------------------------------------------------------------------
Test set: com.example.helloworld.IntegrationTest
-------------------------------------------------------------------------------
Tests run: 1, Failures: 0, Errors: 1, Skipped: 0, Time elapsed: 21.257 sec <<< FAILURE! - in com.example.helloworld.IntegrationTest
com.example.helloworld.IntegrationTest  Time elapsed: 21.256 sec  <<< ERROR!
java.lang.NullPointerException: null
	at org.eclipse.jetty.io.SelectorManager.doStop(SelectorManager.java:274)
	at org.eclipse.jetty.util.component.AbstractLifeCycle.stop(AbstractLifeCycle.java:89)
	at org.eclipse.jetty.util.component.ContainerLifeCycle.stop(ContainerLifeCycle.java:143)
	at org.eclipse.jetty.util.component.ContainerLifeCycle.doStop(ContainerLifeCycle.java:161)
	at org.eclipse.jetty.server.AbstractConnector.doStop(AbstractConnector.java:305)
	at org.eclipse.jetty.server.AbstractNetworkConnector.doStop(AbstractNetworkConnector.java:88)
	at org.eclipse.jetty.util.component.AbstractLifeCycle.stop(AbstractLifeCycle.java:89)
	at org.eclipse.jetty.server.Server.doStop(Server.java:465)
	at org.eclipse.jetty.util.component.AbstractLifeCycle.stop(AbstractLifeCycle.java:89)
	at io.dropwizard.cli.ServerCommand.run(ServerCommand.java:46)
	at io.dropwizard.cli.EnvironmentCommand.run(EnvironmentCommand.java:41)
	at io.dropwizard.cli.ConfiguredCommand.run(ConfiguredCommand.java:76)
	at io.dropwizard.testing.DropwizardTestSupport.startIfRequired(DropwizardTestSupport.java:197)
	at io.dropwizard.testing.DropwizardTestSupport.before(DropwizardTestSupport.java:115)
	at io.dropwizard.testing.junit.DropwizardAppRule.before(DropwizardAppRule.java:128)
	at org.junit.rules.ExternalResource$1.evaluate(ExternalResource.java:46)
	at org.junit.rules.RunRules.evaluate(RunRules.java:20)
	at org.junit.runners.ParentRunner.run(ParentRunner.java:363)
	at org.apache.maven.surefire.junit4.JUnit4Provider.execute(JUnit4Provider.java:283)
	at org.apache.maven.surefire.junit4.JUnit4Provider.executeWithRerun(JUnit4Provider.java:173)
	at org.apache.maven.surefire.junit4.JUnit4Provider.executeTestSet(JUnit4Provider.java:153)
	at org.apache.maven.surefire.junit4.JUnit4Provider.invoke(JUnit4Provider.java:128)
	at org.apache.maven.surefire.booter.ForkedBooter.invokeProviderInSameClassLoader(ForkedBooter.java:203)
	at org.apache.maven.surefire.booter.ForkedBooter.runSuitesInProcess(ForkedBooter.java:155)
	at org.apache.maven.surefire.booter.ForkedBooter.main(ForkedBooter.java:103)

